22:47:07.624 [main] INFO  com.example.Application - Starting Application using Java 20.0.2 with PID 9320 (C:\Users\Asus\IdeaProjects\demo_run\build\classes\java\main started by Asus in C:\Users\Asus\IdeaProjects\demo_run)
 22:47:07.678 [main] INFO  com.example.Application - No active profile set, falling back to 1 default profile: "default"
 22:47:09.351 [main] INFO  o.s.d.r.c.RepositoryConfigurationDelegate - Bootstrapping Spring Data JPA repositories in DEFAULT mode.
 22:47:09.474 [main] INFO  o.s.d.r.c.RepositoryConfigurationDelegate - Finished Spring Data repository scanning in 102 ms. Found 4 JPA repository interfaces.
 22:47:10.539 [main] INFO  o.s.b.w.e.tomcat.TomcatWebServer - Tomcat initialized with port 8080 (http)
 22:47:10.555 [main] INFO  o.a.coyote.http11.Http11NioProtocol - Initializing ProtocolHandler ["http-nio-8080"]
 22:47:10.570 [main] INFO  o.a.catalina.core.StandardService - Starting service [Tomcat]
 22:47:10.570 [main] INFO  o.a.catalina.core.StandardEngine - Starting Servlet engine: [Apache Tomcat/10.1.19]
 22:47:10.693 [main] INFO  o.a.c.c.C.[Tomcat].[localhost].[/] - Initializing Spring embedded WebApplicationContext
 22:47:10.693 [main] INFO  o.s.b.w.s.c.ServletWebServerApplicationContext - Root WebApplicationContext: initialization completed in 2830 ms
 22:47:11.040 [main] INFO  o.h.jpa.internal.util.LogHelper - HHH000204: Processing PersistenceUnitInfo [name: default]
 22:47:11.194 [main] INFO  org.hibernate.Version - HHH000412: Hibernate ORM core version 6.4.4.Final
 22:47:11.294 [main] INFO  o.h.c.i.RegionFactoryInitiator - HHH000026: Second-level cache disabled
 22:47:11.911 [main] INFO  o.s.o.j.p.SpringPersistenceUnitInfo - No LoadTimeWeaver setup: ignoring JPA class transformer
 22:47:11.980 [main] INFO  com.zaxxer.hikari.HikariDataSource - HikariPool-1 - Starting...
 22:47:12.413 [main] INFO  com.zaxxer.hikari.pool.HikariPool - HikariPool-1 - Added connection org.postgresql.jdbc.PgConnection@6c24f61d
 22:47:12.413 [main] INFO  com.zaxxer.hikari.HikariDataSource - HikariPool-1 - Start completed.
 22:47:15.806 [main] INFO  o.h.e.t.j.p.i.JtaPlatformInitiator - HHH000489: No JTA platform available (set 'hibernate.transaction.jta.platform' to enable JTA platform integration)
 22:47:16.293 [main] INFO  o.s.o.j.LocalContainerEntityManagerFactoryBean - Initialized JPA EntityManagerFactory for persistence unit 'default'
 22:47:17.979 [main] WARN  o.s.b.a.o.j.JpaBaseConfiguration$JpaWebConfiguration - spring.jpa.open-in-view is enabled by default. Therefore, database queries may be performed during view rendering. Explicitly configure spring.jpa.open-in-view to disable this warning
 22:47:18.892 [main] INFO  o.s.s.web.DefaultSecurityFilterChain - Will secure any request with [org.springframework.security.web.session.DisableEncodeUrlFilter@601ca994, org.springframework.security.web.context.request.async.WebAsyncManagerIntegrationFilter@1acd2a14, org.springframework.security.web.context.SecurityContextHolderFilter@1e186006, org.springframework.security.web.header.HeaderWriterFilter@1a0e5c0c, org.springframework.security.web.authentication.logout.LogoutFilter@fe38d1e, org.springframework.security.web.authentication.UsernamePasswordAuthenticationFilter@7d466ef9, org.springframework.security.web.savedrequest.RequestCacheAwareFilter@f047670, org.springframework.security.web.servletapi.SecurityContextHolderAwareRequestFilter@7a91027c, org.springframework.security.web.authentication.AnonymousAuthenticationFilter@5432be12, org.springframework.security.web.access.ExceptionTranslationFilter@47f677a4, org.springframework.security.web.access.intercept.FilterSecurityInterceptor@7e44f989]
 22:47:19.455 [main] INFO  o.a.coyote.http11.Http11NioProtocol - Starting ProtocolHandler ["http-nio-8080"]
 22:47:19.494 [main] INFO  o.s.b.w.e.tomcat.TomcatWebServer - Tomcat started on port 8080 (http) with context path ''
 22:47:19.502 [main] INFO  com.example.Application - Started Application in 12.772 seconds (process running for 15.38)
 22:47:20.743 [http-nio-8080-exec-1] INFO  o.a.c.c.C.[Tomcat].[localhost].[/] - Initializing Spring DispatcherServlet 'dispatcherServlet'
 22:47:20.743 [http-nio-8080-exec-1] INFO  o.s.web.servlet.DispatcherServlet - Initializing Servlet 'dispatcherServlet'
 22:47:20.745 [http-nio-8080-exec-1] INFO  o.s.web.servlet.DispatcherServlet - Completed initialization in 2 ms
 22:47:51.504 [http-nio-8080-exec-2] WARN  o.a.c.util.SessionIdGeneratorBase - Creation of SecureRandom instance for session ID generation using [SHA1PRNG] took [162] milliseconds.
 22:48:22.170 [http-nio-8080-exec-4] INFO  com.example.services.EmailService - Email sent successfully to: Mihalkevitc.23V@yandex.ru4
 22:48:37.361 [http-nio-8080-exec-7] INFO  com.example.services.EmailService - Email sent successfully to: Mihalkevitc.23V@yandex.ru4
 22:48:50.957 [http-nio-8080-exec-3] INFO  com.example.services.EmailService - Email sent successfully to: Mihalkevitc.23V@yandex.ru4
 22:49:01.900 [SpringApplicationShutdownHook] INFO  o.s.o.j.LocalContainerEntityManagerFactoryBean - Closing JPA EntityManagerFactory for persistence unit 'default'
 22:49:01.903 [SpringApplicationShutdownHook] INFO  com.zaxxer.hikari.HikariDataSource - HikariPool-1 - Shutdown initiated...
 22:49:01.914 [SpringApplicationShutdownHook] INFO  com.zaxxer.hikari.HikariDataSource - HikariPool-1 - Shutdown completed.
 